<?xml version="1.0" encoding="UTF-8"?>
<!-- Generated by org.testng.reporters.JUnitReportReporter -->
<testsuite hostname="DELL-V15" failures="0" tests="4" name="ms.testng.ms.NewTest" time="1.295" errors="0" timestamp="2024-01-28T11:20:56 IST" skipped="0">
  <testcase classname="ms.testng.ms.NewTest" name="sendKeysToDesignatedElement" time="0.225"/>
  <testcase classname="ms.testng.ms.NewTest" name="keyUp" time="0.053"/>
  <testcase classname="ms.testng.ms.NewTest" name="keyDown" time="0.972"/>
  <testcase classname="ms.testng.ms.NewTest" name="sendKeysToActiveElement" time="0.045"/>
</testsuite> <!-- ms.testng.ms.NewTest -->
